<?xml version="1.0" encoding="UTF-8"?>
<!-- Generated by org.testng.reporters.JUnitReportReporter -->
<testsuite hostname="DESKTOP-IJEPG5N" name="Testscripts.Home" tests="1" failures="0" timestamp="24 Feb 2020 09:13:05 GMT" time="28.146" errors="0">
  <testcase name="testlogin" time="28.146" classname="Testscripts.Home"/>
</testsuite> <!-- Testscripts.Home -->
